<?xml version="1.0" encoding="UTF-8"?>
<testsuite xmlns:xsi="http://www.w3.org/2001/XMLSchema-instance" xsi:noNamespaceSchemaLocation="https://maven.apache.org/surefire/maven-surefire-plugin/xsd/surefire-test-report.xsd" name="TestSuite" time="26.185" tests="6" errors="0" skipped="3" failures="3">
  <properties>
    <property name="java.specification.version" value="17"/>
    <property name="sun.cpu.isalist" value="amd64"/>
    <property name="sun.jnu.encoding" value="Cp1252"/>
    <property name="java.class.path" value="C:\Users\COLLABERA.DIGITAL\eclipse-workspace\CapstoneProject\target\test-classes;C:\Users\COLLABERA.DIGITAL\eclipse-workspace\CapstoneProject\target\classes;C:\Users\COLLABERA.DIGITAL\.m2\repository\org\testng\testng\7.5\testng-7.5.jar;C:\Users\COLLABERA.DIGITAL\.m2\repository\com\google\code\findbugs\jsr305\3.0.1\jsr305-3.0.1.jar;C:\Users\COLLABERA.DIGITAL\.m2\repository\org\slf4j\slf4j-api\1.7.32\slf4j-api-1.7.32.jar;C:\Users\COLLABERA.DIGITAL\.m2\repository\com\beust\jcommander\1.78\jcommander-1.78.jar;C:\Users\COLLABERA.DIGITAL\.m2\repository\org\webjars\jquery\3.5.1\jquery-3.5.1.jar;C:\Users\COLLABERA.DIGITAL\.m2\repository\org\seleniumhq\selenium\selenium-java\4.13.0\selenium-java-4.13.0.jar;C:\Users\COLLABERA.DIGITAL\.m2\repository\org\seleniumhq\selenium\selenium-api\4.13.0\selenium-api-4.13.0.jar;C:\Users\COLLABERA.DIGITAL\.m2\repository\org\seleniumhq\selenium\selenium-chrome-driver\4.13.0\selenium-chrome-driver-4.13.0.jar;C:\Users\COLLABERA.DIGITAL\.m2\repository\com\google\auto\service\auto-service-annotations\1.1.1\auto-service-annotations-1.1.1.jar;C:\Users\COLLABERA.DIGITAL\.m2\repository\com\google\guava\guava\32.1.2-jre\guava-32.1.2-jre.jar;C:\Users\COLLABERA.DIGITAL\.m2\repository\com\google\guava\failureaccess\1.0.1\failureaccess-1.0.1.jar;C:\Users\COLLABERA.DIGITAL\.m2\repository\com\google\guava\listenablefuture\9999.0-empty-to-avoid-conflict-with-guava\listenablefuture-9999.0-empty-to-avoid-conflict-with-guava.jar;C:\Users\COLLABERA.DIGITAL\.m2\repository\org\checkerframework\checker-qual\3.33.0\checker-qual-3.33.0.jar;C:\Users\COLLABERA.DIGITAL\.m2\repository\com\google\errorprone\error_prone_annotations\2.18.0\error_prone_annotations-2.18.0.jar;C:\Users\COLLABERA.DIGITAL\.m2\repository\com\google\j2objc\j2objc-annotations\2.8\j2objc-annotations-2.8.jar;C:\Users\COLLABERA.DIGITAL\.m2\repository\org\seleniumhq\selenium\selenium-chromium-driver\4.13.0\selenium-chromium-driver-4.13.0.jar;C:\Users\COLLABERA.DIGITAL\.m2\repository\org\seleniumhq\selenium\selenium-json\4.13.0\selenium-json-4.13.0.jar;C:\Users\COLLABERA.DIGITAL\.m2\repository\org\seleniumhq\selenium\selenium-manager\4.13.0\selenium-manager-4.13.0.jar;C:\Users\COLLABERA.DIGITAL\.m2\repository\org\seleniumhq\selenium\selenium-devtools-v115\4.13.0\selenium-devtools-v115-4.13.0.jar;C:\Users\COLLABERA.DIGITAL\.m2\repository\org\seleniumhq\selenium\selenium-devtools-v116\4.13.0\selenium-devtools-v116-4.13.0.jar;C:\Users\COLLABERA.DIGITAL\.m2\repository\org\seleniumhq\selenium\selenium-devtools-v117\4.13.0\selenium-devtools-v117-4.13.0.jar;C:\Users\COLLABERA.DIGITAL\.m2\repository\org\seleniumhq\selenium\selenium-devtools-v85\4.13.0\selenium-devtools-v85-4.13.0.jar;C:\Users\COLLABERA.DIGITAL\.m2\repository\org\seleniumhq\selenium\selenium-edge-driver\4.13.0\selenium-edge-driver-4.13.0.jar;C:\Users\COLLABERA.DIGITAL\.m2\repository\org\seleniumhq\selenium\selenium-firefox-driver\4.13.0\selenium-firefox-driver-4.13.0.jar;C:\Users\COLLABERA.DIGITAL\.m2\repository\org\seleniumhq\selenium\selenium-http\4.13.0\selenium-http-4.13.0.jar;C:\Users\COLLABERA.DIGITAL\.m2\repository\dev\failsafe\failsafe\3.3.2\failsafe-3.3.2.jar;C:\Users\COLLABERA.DIGITAL\.m2\repository\org\seleniumhq\selenium\selenium-ie-driver\4.13.0\selenium-ie-driver-4.13.0.jar;C:\Users\COLLABERA.DIGITAL\.m2\repository\org\seleniumhq\selenium\selenium-remote-driver\4.13.0\selenium-remote-driver-4.13.0.jar;C:\Users\COLLABERA.DIGITAL\.m2\repository\io\netty\netty-buffer\4.1.96.Final\netty-buffer-4.1.96.Final.jar;C:\Users\COLLABERA.DIGITAL\.m2\repository\io\netty\netty-codec-http\4.1.96.Final\netty-codec-http-4.1.96.Final.jar;C:\Users\COLLABERA.DIGITAL\.m2\repository\io\netty\netty-codec\4.1.96.Final\netty-codec-4.1.96.Final.jar;C:\Users\COLLABERA.DIGITAL\.m2\repository\io\netty\netty-handler\4.1.96.Final\netty-handler-4.1.96.Final.jar;C:\Users\COLLABERA.DIGITAL\.m2\repository\io\netty\netty-common\4.1.96.Final\netty-common-4.1.96.Final.jar;C:\Users\COLLABERA.DIGITAL\.m2\repository\io\netty\netty-transport-classes-epoll\4.1.96.Final\netty-transport-classes-epoll-4.1.96.Final.jar;C:\Users\COLLABERA.DIGITAL\.m2\repository\io\netty\netty-transport-classes-kqueue\4.1.96.Final\netty-transport-classes-kqueue-4.1.96.Final.jar;C:\Users\COLLABERA.DIGITAL\.m2\repository\io\netty\netty-transport-native-epoll\4.1.96.Final\netty-transport-native-epoll-4.1.96.Final.jar;C:\Users\COLLABERA.DIGITAL\.m2\repository\io\netty\netty-transport-native-kqueue\4.1.96.Final\netty-transport-native-kqueue-4.1.96.Final.jar;C:\Users\COLLABERA.DIGITAL\.m2\repository\io\netty\netty-transport-native-unix-common\4.1.96.Final\netty-transport-native-unix-common-4.1.96.Final.jar;C:\Users\COLLABERA.DIGITAL\.m2\repository\io\netty\netty-transport\4.1.96.Final\netty-transport-4.1.96.Final.jar;C:\Users\COLLABERA.DIGITAL\.m2\repository\io\netty\netty-resolver\4.1.96.Final\netty-resolver-4.1.96.Final.jar;C:\Users\COLLABERA.DIGITAL\.m2\repository\io\opentelemetry\opentelemetry-api\1.28.0\opentelemetry-api-1.28.0.jar;C:\Users\COLLABERA.DIGITAL\.m2\repository\io\opentelemetry\opentelemetry-context\1.28.0\opentelemetry-context-1.28.0.jar;C:\Users\COLLABERA.DIGITAL\.m2\repository\io\opentelemetry\opentelemetry-exporter-logging\1.28.0\opentelemetry-exporter-logging-1.28.0.jar;C:\Users\COLLABERA.DIGITAL\.m2\repository\io\opentelemetry\opentelemetry-sdk-metrics\1.28.0\opentelemetry-sdk-metrics-1.28.0.jar;C:\Users\COLLABERA.DIGITAL\.m2\repository\io\opentelemetry\opentelemetry-extension-incubator\1.28.0-alpha\opentelemetry-extension-incubator-1.28.0-alpha.jar;C:\Users\COLLABERA.DIGITAL\.m2\repository\io\opentelemetry\opentelemetry-sdk-logs\1.28.0\opentelemetry-sdk-logs-1.28.0.jar;C:\Users\COLLABERA.DIGITAL\.m2\repository\io\opentelemetry\opentelemetry-sdk-common\1.28.0\opentelemetry-sdk-common-1.28.0.jar;C:\Users\COLLABERA.DIGITAL\.m2\repository\io\opentelemetry\opentelemetry-sdk-extension-autoconfigure-spi\1.28.0\opentelemetry-sdk-extension-autoconfigure-spi-1.28.0.jar;C:\Users\COLLABERA.DIGITAL\.m2\repository\io\opentelemetry\opentelemetry-sdk-extension-autoconfigure\1.28.0\opentelemetry-sdk-extension-autoconfigure-1.28.0.jar;C:\Users\COLLABERA.DIGITAL\.m2\repository\io\opentelemetry\opentelemetry-api-events\1.28.0-alpha\opentelemetry-api-events-1.28.0-alpha.jar;C:\Users\COLLABERA.DIGITAL\.m2\repository\io\opentelemetry\opentelemetry-sdk-trace\1.28.0\opentelemetry-sdk-trace-1.28.0.jar;C:\Users\COLLABERA.DIGITAL\.m2\repository\io\opentelemetry\opentelemetry-sdk\1.28.0\opentelemetry-sdk-1.28.0.jar;C:\Users\COLLABERA.DIGITAL\.m2\repository\io\opentelemetry\opentelemetry-semconv\1.28.0-alpha\opentelemetry-semconv-1.28.0-alpha.jar;C:\Users\COLLABERA.DIGITAL\.m2\repository\net\bytebuddy\byte-buddy\1.14.5\byte-buddy-1.14.5.jar;C:\Users\COLLABERA.DIGITAL\.m2\repository\org\asynchttpclient\async-http-client\2.12.3\async-http-client-2.12.3.jar;C:\Users\COLLABERA.DIGITAL\.m2\repository\org\asynchttpclient\async-http-client-netty-utils\2.12.3\async-http-client-netty-utils-2.12.3.jar;C:\Users\COLLABERA.DIGITAL\.m2\repository\io\netty\netty-codec-socks\4.1.60.Final\netty-codec-socks-4.1.60.Final.jar;C:\Users\COLLABERA.DIGITAL\.m2\repository\io\netty\netty-handler-proxy\4.1.60.Final\netty-handler-proxy-4.1.60.Final.jar;C:\Users\COLLABERA.DIGITAL\.m2\repository\io\netty\netty-transport-native-epoll\4.1.60.Final\netty-transport-native-epoll-4.1.60.Final-linux-x86_64.jar;C:\Users\COLLABERA.DIGITAL\.m2\repository\io\netty\netty-transport-native-kqueue\4.1.60.Final\netty-transport-native-kqueue-4.1.60.Final-osx-x86_64.jar;C:\Users\COLLABERA.DIGITAL\.m2\repository\org\reactivestreams\reactive-streams\1.0.3\reactive-streams-1.0.3.jar;C:\Users\COLLABERA.DIGITAL\.m2\repository\com\typesafe\netty\netty-reactive-streams\2.0.4\netty-reactive-streams-2.0.4.jar;C:\Users\COLLABERA.DIGITAL\.m2\repository\com\sun\activation\jakarta.activation\1.2.2\jakarta.activation-1.2.2.jar;C:\Users\COLLABERA.DIGITAL\.m2\repository\org\seleniumhq\selenium\selenium-os\4.13.0\selenium-os-4.13.0.jar;C:\Users\COLLABERA.DIGITAL\.m2\repository\org\apache\commons\commons-exec\1.3\commons-exec-1.3.jar;C:\Users\COLLABERA.DIGITAL\.m2\repository\org\seleniumhq\selenium\selenium-safari-driver\4.13.0\selenium-safari-driver-4.13.0.jar;C:\Users\COLLABERA.DIGITAL\.m2\repository\org\seleniumhq\selenium\selenium-support\4.13.0\selenium-support-4.13.0.jar;C:\Users\COLLABERA.DIGITAL\.m2\repository\io\appium\java-client\8.3.0\java-client-8.3.0.jar;C:\Users\COLLABERA.DIGITAL\.m2\repository\com\google\code\gson\gson\2.10\gson-2.10.jar;C:\Users\COLLABERA.DIGITAL\.m2\repository\cglib\cglib\3.3.0\cglib-3.3.0.jar;C:\Users\COLLABERA.DIGITAL\.m2\repository\org\ow2\asm\asm\7.1\asm-7.1.jar;C:\Users\COLLABERA.DIGITAL\.m2\repository\commons-validator\commons-validator\1.7\commons-validator-1.7.jar;C:\Users\COLLABERA.DIGITAL\.m2\repository\commons-beanutils\commons-beanutils\1.9.4\commons-beanutils-1.9.4.jar;C:\Users\COLLABERA.DIGITAL\.m2\repository\commons-digester\commons-digester\2.1\commons-digester-2.1.jar;C:\Users\COLLABERA.DIGITAL\.m2\repository\commons-logging\commons-logging\1.2\commons-logging-1.2.jar;C:\Users\COLLABERA.DIGITAL\.m2\repository\commons-collections\commons-collections\3.2.2\commons-collections-3.2.2.jar;C:\Users\COLLABERA.DIGITAL\.m2\repository\org\apache\commons\commons-lang3\3.12.0\commons-lang3-3.12.0.jar;C:\Users\COLLABERA.DIGITAL\.m2\repository\commons-io\commons-io\2.11.0\commons-io-2.11.0.jar;C:\Users\COLLABERA.DIGITAL\.m2\repository\com\googlecode\json-simple\json-simple\1.1.1\json-simple-1.1.1.jar;C:\Users\COLLABERA.DIGITAL\.m2\repository\junit\junit\4.10\junit-4.10.jar;C:\Users\COLLABERA.DIGITAL\.m2\repository\org\hamcrest\hamcrest-core\1.1\hamcrest-core-1.1.jar;C:\Users\COLLABERA.DIGITAL\.m2\repository\com\browserstack\browserstack-java-sdk\1.11.12\browserstack-java-sdk-1.11.12.jar;"/>
    <property name="java.vm.vendor" value="Oracle Corporation"/>
    <property name="cucumber.execution.parallel.config.fixed.parallelism" value="1"/>
    <property name="sun.arch.data.model" value="64"/>
    <property name="OBSERVABILITY_BUILD_HASHED_ID" value="g3ss2ljqc5fo2rzzzf9wglfmla27tkhr5a0zejwt"/>
    <property name="user.variant" value=""/>
    <property name="java.vendor.url" value="https://java.oracle.com/"/>
    <property name="user.timezone" value="Asia/Taipei"/>
    <property name="cucumber.execution.parallel.enabled" value="true"/>
    <property name="os.name" value="Windows 10"/>
    <property name="java.vm.specification.version" value="17"/>
    <property name="junit.jupiter.execution.parallel.config.fixed.max-pool-size" value="1"/>
    <property name="sun.java.launcher" value="SUN_STANDARD"/>
    <property name="user.country" value="US"/>
    <property name="sun.boot.library.path" value="C:\Program Files\Java\jdk-17\bin"/>
    <property name="OBSERVABILITY_ALLOW_SCREENSHOTS" value="true"/>
    <property name="sun.java.command" value="C:\Users\COLLAB~1.DIG\AppData\Local\Temp\surefire6907296323260054199\surefirebooter2751277204041482554.jar C:\Users\COLLABERA.DIGITAL\AppData\Local\Temp\surefire6907296323260054199 2023-11-21T15-43-34_503-jvmRun1 surefire5025074418905389166tmp surefire_015671448312023780681tmp"/>
    <property name="jdk.debug" value="release"/>
    <property name="surefire.test.class.path" value="C:\Users\COLLABERA.DIGITAL\eclipse-workspace\CapstoneProject\target\test-classes;C:\Users\COLLABERA.DIGITAL\eclipse-workspace\CapstoneProject\target\classes;C:\Users\COLLABERA.DIGITAL\.m2\repository\org\testng\testng\7.5\testng-7.5.jar;C:\Users\COLLABERA.DIGITAL\.m2\repository\com\google\code\findbugs\jsr305\3.0.1\jsr305-3.0.1.jar;C:\Users\COLLABERA.DIGITAL\.m2\repository\org\slf4j\slf4j-api\1.7.32\slf4j-api-1.7.32.jar;C:\Users\COLLABERA.DIGITAL\.m2\repository\com\beust\jcommander\1.78\jcommander-1.78.jar;C:\Users\COLLABERA.DIGITAL\.m2\repository\org\webjars\jquery\3.5.1\jquery-3.5.1.jar;C:\Users\COLLABERA.DIGITAL\.m2\repository\org\seleniumhq\selenium\selenium-java\4.13.0\selenium-java-4.13.0.jar;C:\Users\COLLABERA.DIGITAL\.m2\repository\org\seleniumhq\selenium\selenium-api\4.13.0\selenium-api-4.13.0.jar;C:\Users\COLLABERA.DIGITAL\.m2\repository\org\seleniumhq\selenium\selenium-chrome-driver\4.13.0\selenium-chrome-driver-4.13.0.jar;C:\Users\COLLABERA.DIGITAL\.m2\repository\com\google\auto\service\auto-service-annotations\1.1.1\auto-service-annotations-1.1.1.jar;C:\Users\COLLABERA.DIGITAL\.m2\repository\com\google\guava\guava\32.1.2-jre\guava-32.1.2-jre.jar;C:\Users\COLLABERA.DIGITAL\.m2\repository\com\google\guava\failureaccess\1.0.1\failureaccess-1.0.1.jar;C:\Users\COLLABERA.DIGITAL\.m2\repository\com\google\guava\listenablefuture\9999.0-empty-to-avoid-conflict-with-guava\listenablefuture-9999.0-empty-to-avoid-conflict-with-guava.jar;C:\Users\COLLABERA.DIGITAL\.m2\repository\org\checkerframework\checker-qual\3.33.0\checker-qual-3.33.0.jar;C:\Users\COLLABERA.DIGITAL\.m2\repository\com\google\errorprone\error_prone_annotations\2.18.0\error_prone_annotations-2.18.0.jar;C:\Users\COLLABERA.DIGITAL\.m2\repository\com\google\j2objc\j2objc-annotations\2.8\j2objc-annotations-2.8.jar;C:\Users\COLLABERA.DIGITAL\.m2\repository\org\seleniumhq\selenium\selenium-chromium-driver\4.13.0\selenium-chromium-driver-4.13.0.jar;C:\Users\COLLABERA.DIGITAL\.m2\repository\org\seleniumhq\selenium\selenium-json\4.13.0\selenium-json-4.13.0.jar;C:\Users\COLLABERA.DIGITAL\.m2\repository\org\seleniumhq\selenium\selenium-manager\4.13.0\selenium-manager-4.13.0.jar;C:\Users\COLLABERA.DIGITAL\.m2\repository\org\seleniumhq\selenium\selenium-devtools-v115\4.13.0\selenium-devtools-v115-4.13.0.jar;C:\Users\COLLABERA.DIGITAL\.m2\repository\org\seleniumhq\selenium\selenium-devtools-v116\4.13.0\selenium-devtools-v116-4.13.0.jar;C:\Users\COLLABERA.DIGITAL\.m2\repository\org\seleniumhq\selenium\selenium-devtools-v117\4.13.0\selenium-devtools-v117-4.13.0.jar;C:\Users\COLLABERA.DIGITAL\.m2\repository\org\seleniumhq\selenium\selenium-devtools-v85\4.13.0\selenium-devtools-v85-4.13.0.jar;C:\Users\COLLABERA.DIGITAL\.m2\repository\org\seleniumhq\selenium\selenium-edge-driver\4.13.0\selenium-edge-driver-4.13.0.jar;C:\Users\COLLABERA.DIGITAL\.m2\repository\org\seleniumhq\selenium\selenium-firefox-driver\4.13.0\selenium-firefox-driver-4.13.0.jar;C:\Users\COLLABERA.DIGITAL\.m2\repository\org\seleniumhq\selenium\selenium-http\4.13.0\selenium-http-4.13.0.jar;C:\Users\COLLABERA.DIGITAL\.m2\repository\dev\failsafe\failsafe\3.3.2\failsafe-3.3.2.jar;C:\Users\COLLABERA.DIGITAL\.m2\repository\org\seleniumhq\selenium\selenium-ie-driver\4.13.0\selenium-ie-driver-4.13.0.jar;C:\Users\COLLABERA.DIGITAL\.m2\repository\org\seleniumhq\selenium\selenium-remote-driver\4.13.0\selenium-remote-driver-4.13.0.jar;C:\Users\COLLABERA.DIGITAL\.m2\repository\io\netty\netty-buffer\4.1.96.Final\netty-buffer-4.1.96.Final.jar;C:\Users\COLLABERA.DIGITAL\.m2\repository\io\netty\netty-codec-http\4.1.96.Final\netty-codec-http-4.1.96.Final.jar;C:\Users\COLLABERA.DIGITAL\.m2\repository\io\netty\netty-codec\4.1.96.Final\netty-codec-4.1.96.Final.jar;C:\Users\COLLABERA.DIGITAL\.m2\repository\io\netty\netty-handler\4.1.96.Final\netty-handler-4.1.96.Final.jar;C:\Users\COLLABERA.DIGITAL\.m2\repository\io\netty\netty-common\4.1.96.Final\netty-common-4.1.96.Final.jar;C:\Users\COLLABERA.DIGITAL\.m2\repository\io\netty\netty-transport-classes-epoll\4.1.96.Final\netty-transport-classes-epoll-4.1.96.Final.jar;C:\Users\COLLABERA.DIGITAL\.m2\repository\io\netty\netty-transport-classes-kqueue\4.1.96.Final\netty-transport-classes-kqueue-4.1.96.Final.jar;C:\Users\COLLABERA.DIGITAL\.m2\repository\io\netty\netty-transport-native-epoll\4.1.96.Final\netty-transport-native-epoll-4.1.96.Final.jar;C:\Users\COLLABERA.DIGITAL\.m2\repository\io\netty\netty-transport-native-kqueue\4.1.96.Final\netty-transport-native-kqueue-4.1.96.Final.jar;C:\Users\COLLABERA.DIGITAL\.m2\repository\io\netty\netty-transport-native-unix-common\4.1.96.Final\netty-transport-native-unix-common-4.1.96.Final.jar;C:\Users\COLLABERA.DIGITAL\.m2\repository\io\netty\netty-transport\4.1.96.Final\netty-transport-4.1.96.Final.jar;C:\Users\COLLABERA.DIGITAL\.m2\repository\io\netty\netty-resolver\4.1.96.Final\netty-resolver-4.1.96.Final.jar;C:\Users\COLLABERA.DIGITAL\.m2\repository\io\opentelemetry\opentelemetry-api\1.28.0\opentelemetry-api-1.28.0.jar;C:\Users\COLLABERA.DIGITAL\.m2\repository\io\opentelemetry\opentelemetry-context\1.28.0\opentelemetry-context-1.28.0.jar;C:\Users\COLLABERA.DIGITAL\.m2\repository\io\opentelemetry\opentelemetry-exporter-logging\1.28.0\opentelemetry-exporter-logging-1.28.0.jar;C:\Users\COLLABERA.DIGITAL\.m2\repository\io\opentelemetry\opentelemetry-sdk-metrics\1.28.0\opentelemetry-sdk-metrics-1.28.0.jar;C:\Users\COLLABERA.DIGITAL\.m2\repository\io\opentelemetry\opentelemetry-extension-incubator\1.28.0-alpha\opentelemetry-extension-incubator-1.28.0-alpha.jar;C:\Users\COLLABERA.DIGITAL\.m2\repository\io\opentelemetry\opentelemetry-sdk-logs\1.28.0\opentelemetry-sdk-logs-1.28.0.jar;C:\Users\COLLABERA.DIGITAL\.m2\repository\io\opentelemetry\opentelemetry-sdk-common\1.28.0\opentelemetry-sdk-common-1.28.0.jar;C:\Users\COLLABERA.DIGITAL\.m2\repository\io\opentelemetry\opentelemetry-sdk-extension-autoconfigure-spi\1.28.0\opentelemetry-sdk-extension-autoconfigure-spi-1.28.0.jar;C:\Users\COLLABERA.DIGITAL\.m2\repository\io\opentelemetry\opentelemetry-sdk-extension-autoconfigure\1.28.0\opentelemetry-sdk-extension-autoconfigure-1.28.0.jar;C:\Users\COLLABERA.DIGITAL\.m2\repository\io\opentelemetry\opentelemetry-api-events\1.28.0-alpha\opentelemetry-api-events-1.28.0-alpha.jar;C:\Users\COLLABERA.DIGITAL\.m2\repository\io\opentelemetry\opentelemetry-sdk-trace\1.28.0\opentelemetry-sdk-trace-1.28.0.jar;C:\Users\COLLABERA.DIGITAL\.m2\repository\io\opentelemetry\opentelemetry-sdk\1.28.0\opentelemetry-sdk-1.28.0.jar;C:\Users\COLLABERA.DIGITAL\.m2\repository\io\opentelemetry\opentelemetry-semconv\1.28.0-alpha\opentelemetry-semconv-1.28.0-alpha.jar;C:\Users\COLLABERA.DIGITAL\.m2\repository\net\bytebuddy\byte-buddy\1.14.5\byte-buddy-1.14.5.jar;C:\Users\COLLABERA.DIGITAL\.m2\repository\org\asynchttpclient\async-http-client\2.12.3\async-http-client-2.12.3.jar;C:\Users\COLLABERA.DIGITAL\.m2\repository\org\asynchttpclient\async-http-client-netty-utils\2.12.3\async-http-client-netty-utils-2.12.3.jar;C:\Users\COLLABERA.DIGITAL\.m2\repository\io\netty\netty-codec-socks\4.1.60.Final\netty-codec-socks-4.1.60.Final.jar;C:\Users\COLLABERA.DIGITAL\.m2\repository\io\netty\netty-handler-proxy\4.1.60.Final\netty-handler-proxy-4.1.60.Final.jar;C:\Users\COLLABERA.DIGITAL\.m2\repository\io\netty\netty-transport-native-epoll\4.1.60.Final\netty-transport-native-epoll-4.1.60.Final-linux-x86_64.jar;C:\Users\COLLABERA.DIGITAL\.m2\repository\io\netty\netty-transport-native-kqueue\4.1.60.Final\netty-transport-native-kqueue-4.1.60.Final-osx-x86_64.jar;C:\Users\COLLABERA.DIGITAL\.m2\repository\org\reactivestreams\reactive-streams\1.0.3\reactive-streams-1.0.3.jar;C:\Users\COLLABERA.DIGITAL\.m2\repository\com\typesafe\netty\netty-reactive-streams\2.0.4\netty-reactive-streams-2.0.4.jar;C:\Users\COLLABERA.DIGITAL\.m2\repository\com\sun\activation\jakarta.activation\1.2.2\jakarta.activation-1.2.2.jar;C:\Users\COLLABERA.DIGITAL\.m2\repository\org\seleniumhq\selenium\selenium-os\4.13.0\selenium-os-4.13.0.jar;C:\Users\COLLABERA.DIGITAL\.m2\repository\org\apache\commons\commons-exec\1.3\commons-exec-1.3.jar;C:\Users\COLLABERA.DIGITAL\.m2\repository\org\seleniumhq\selenium\selenium-safari-driver\4.13.0\selenium-safari-driver-4.13.0.jar;C:\Users\COLLABERA.DIGITAL\.m2\repository\org\seleniumhq\selenium\selenium-support\4.13.0\selenium-support-4.13.0.jar;C:\Users\COLLABERA.DIGITAL\.m2\repository\io\appium\java-client\8.3.0\java-client-8.3.0.jar;C:\Users\COLLABERA.DIGITAL\.m2\repository\com\google\code\gson\gson\2.10\gson-2.10.jar;C:\Users\COLLABERA.DIGITAL\.m2\repository\cglib\cglib\3.3.0\cglib-3.3.0.jar;C:\Users\COLLABERA.DIGITAL\.m2\repository\org\ow2\asm\asm\7.1\asm-7.1.jar;C:\Users\COLLABERA.DIGITAL\.m2\repository\commons-validator\commons-validator\1.7\commons-validator-1.7.jar;C:\Users\COLLABERA.DIGITAL\.m2\repository\commons-beanutils\commons-beanutils\1.9.4\commons-beanutils-1.9.4.jar;C:\Users\COLLABERA.DIGITAL\.m2\repository\commons-digester\commons-digester\2.1\commons-digester-2.1.jar;C:\Users\COLLABERA.DIGITAL\.m2\repository\commons-logging\commons-logging\1.2\commons-logging-1.2.jar;C:\Users\COLLABERA.DIGITAL\.m2\repository\commons-collections\commons-collections\3.2.2\commons-collections-3.2.2.jar;C:\Users\COLLABERA.DIGITAL\.m2\repository\org\apache\commons\commons-lang3\3.12.0\commons-lang3-3.12.0.jar;C:\Users\COLLABERA.DIGITAL\.m2\repository\commons-io\commons-io\2.11.0\commons-io-2.11.0.jar;C:\Users\COLLABERA.DIGITAL\.m2\repository\com\googlecode\json-simple\json-simple\1.1.1\json-simple-1.1.1.jar;C:\Users\COLLABERA.DIGITAL\.m2\repository\junit\junit\4.10\junit-4.10.jar;C:\Users\COLLABERA.DIGITAL\.m2\repository\org\hamcrest\hamcrest-core\1.1\hamcrest-core-1.1.jar;C:\Users\COLLABERA.DIGITAL\.m2\repository\com\browserstack\browserstack-java-sdk\1.11.12\browserstack-java-sdk-1.11.12.jar;"/>
    <property name="sun.cpu.endian" value="little"/>
    <property name="user.home" value="C:\Users\COLLABERA.DIGITAL"/>
    <property name="user.language" value="en"/>
    <property name="java.specification.vendor" value="Oracle Corporation"/>
    <property name="java.version.date" value="2023-07-18"/>
    <property name="java.home" value="C:\Program Files\Java\jdk-17"/>
    <property name="junit.jupiter.execution.parallel.mode.default" value="same_thread"/>
    <property name="file.separator" value="\"/>
    <property name="style.color" value="always"/>
    <property name="basedir" value="C:\Users\COLLABERA.DIGITAL\eclipse-workspace\CapstoneProject"/>
    <property name="java.vm.compressedOopsMode" value="Zero based"/>
    <property name="line.separator" value="&#10;"/>
    <property name="java.vm.specification.vendor" value="Oracle Corporation"/>
    <property name="java.specification.name" value="Java Platform API Specification"/>
    <property name="surefire.real.class.path" value="C:\Users\COLLAB~1.DIG\AppData\Local\Temp\surefire6907296323260054199\surefirebooter2751277204041482554.jar"/>
    <property name="user.script" value=""/>
    <property name="sun.management.compiler" value="HotSpot 64-Bit Tiered Compilers"/>
    <property name="java.runtime.version" value="17.0.8+9-LTS-211"/>
    <property name="user.name" value="COLLABERA.DIGITAL"/>
    <property name="path.separator" value=";"/>
    <property name="os.version" value="10.0"/>
    <property name="java.runtime.name" value="Java(TM) SE Runtime Environment"/>
    <property name="file.encoding" value="Cp1252"/>
    <property name="junit.jupiter.execution.parallel.mode.classes.default" value="concurrent"/>
    <property name="junit.jupiter.execution.parallel.config.strategy" value="fixed"/>
    <property name="java.vm.name" value="Java HotSpot(TM) 64-Bit Server VM"/>
    <property name="junit.jupiter.execution.parallel.enabled" value="true"/>
    <property name="localRepository" value="C:\Users\COLLABERA.DIGITAL\.m2\repository"/>
    <property name="java.vendor.url.bug" value="https://bugreport.java.com/bugreport/"/>
    <property name="java.io.tmpdir" value="C:\Users\COLLAB~1.DIG\AppData\Local\Temp\"/>
    <property name="java.version" value="17.0.8"/>
    <property name="user.dir" value="C:\Users\COLLABERA.DIGITAL\eclipse-workspace\CapstoneProject"/>
    <property name="os.arch" value="amd64"/>
    <property name="java.vm.specification.name" value="Java Virtual Machine Specification"/>
    <property name="OBSERVABILITY_JWT" value="eyJhbGciOiJIUzI1NiJ9.eyJpc3MiOiJicm93c2Vyc3RhY2tfb2IiLCJzdWIiOiI3ODI3MTU3IiwiZ3JvdXBfaWQiOjc2OTkwNzMsInVzZXJfaWQiOjc4MjcxNTcsImJ1aWxkX2hhc2hlZF9pZCI6Imczc3MybGpxYzVmbzJyenp6Zjl3Z2xmbWxhMjd0a2hyNWEwemVqd3QiLCJwcm9qZWN0X25hbWUiOiJCcm93c2VyU3RhY2sgU2FtcGxlcyIsImhvb2tfYXNfdGVzdCI6IjEiLCJpYXQiOjE3MDA1NTI2NDksImV4cCI6MTcwMDg5ODI0OX0.N_K0JRfgolOypwtoJki6iSuuLvB1H8bYlykqznfiPlE"/>
    <property name="sun.os.patch.level" value=""/>
    <property name="native.encoding" value="Cp1252"/>
    <property name="java.library.path" value="C:\Program Files\Java\jdk-17\bin;C:\WINDOWS\Sun\Java\bin;C:\WINDOWS\system32;C:\WINDOWS;C:/Program Files/Java/jdk-17/bin/server;C:/Program Files/Java/jdk-17/bin;C:\Program Files\Java\jdk-17\bin;C:\Program Files (x86)\Common Files\Oracle\Java\javapath;C:\Program Files\nodejs\;C:\Program Files\Git\cmd;C:\Users\COLLABERA.DIGITAL\Downloads\apache-maven-3.9.5-bin\apache-maven-3.9.5\bin;C:\Users\COLLABERA.DIGITAL\AppData\Local\Android\Sdk\tools\bin;C:\Users\COLLABERA.DIGITAL\AppData\Local\Android\Sdk\tools;C:\Users\COLLABERA.DIGITAL\AppData\Local\Android\Sdk\platform-tools;C:\Users\COLLABERA.DIGITAL\AppData\Roaming\npm;C:\Program Files\nodejs\node_modules\npm\bin;C:\Users\COLLABERA.DIGITAL\AppData\Roaming\npm;C:\Users\COLLABERA.DIGITAL\AppData\Local\Microsoft\WindowsApps;C:\Users\COLLABERA.DIGITAL\AppData\Roaming\npm;C:\Users\COLLABERA.DIGITAL\Downloads\apache-maven-3.9.5-bin\apache-maven-3.9.5\bin;;C:\WINDOWS\system32;;."/>
    <property name="junit.jupiter.execution.parallel.config.fixed.parallelism" value="1"/>
    <property name="java.vm.info" value="mixed mode, sharing"/>
    <property name="java.vendor" value="Oracle Corporation"/>
    <property name="java.vm.version" value="17.0.8+9-LTS-211"/>
    <property name="cucumber.execution.execution-mode.feature" value="same_thread"/>
    <property name="cucumber.execution.parallel.config.strategy" value="fixed"/>
    <property name="sun.io.unicode.encoding" value="UnicodeLittle"/>
    <property name="java.class.version" value="61.0"/>
  </properties>
  <testcase name="setUp" classname="com.PocketBank.PB_01" time="20.53">
    <failure type="java.lang.ExceptionInInitializerError">java.lang.ExceptionInInitializerError
Caused by: net.sf.cglib.core.CodeGenerationException: java.lang.reflect.InaccessibleObjectException-->Unable to make protected final java.lang.Class java.lang.ClassLoader.defineClass(java.lang.String,byte[],int,int,java.security.ProtectionDomain) throws java.lang.ClassFormatError accessible: module java.base does not "opens java.lang" to unnamed module @66498326
Caused by: java.lang.reflect.InaccessibleObjectException: Unable to make protected final java.lang.Class java.lang.ClassLoader.defineClass(java.lang.String,byte[],int,int,java.security.ProtectionDomain) throws java.lang.ClassFormatError accessible: module java.base does not "opens java.lang" to unnamed module @66498326
</failure>
  </testcase>
  <testcase name="setUp" classname="com.PocketBank.PB_01" time="2.225">
    <failure message="Could not initialize class net.sf.cglib.proxy.Enhancer" type="java.lang.NoClassDefFoundError">java.lang.NoClassDefFoundError: Could not initialize class net.sf.cglib.proxy.Enhancer
Caused by: java.lang.ExceptionInInitializerError: Exception net.sf.cglib.core.CodeGenerationException: java.lang.reflect.InaccessibleObjectException-->Unable to make protected final java.lang.Class java.lang.ClassLoader.defineClass(java.lang.String,byte[],int,int,java.security.ProtectionDomain) throws java.lang.ClassFormatError accessible: module java.base does not "opens java.lang" to unnamed module @66498326 [in thread "setUp@2"]
</failure>
  </testcase>
  <testcase name="setUp" classname="com.PocketBank.PB_01" time="1.603">
    <failure message="Could not initialize class net.sf.cglib.proxy.Enhancer" type="java.lang.NoClassDefFoundError">java.lang.NoClassDefFoundError: Could not initialize class net.sf.cglib.proxy.Enhancer
Caused by: java.lang.ExceptionInInitializerError: Exception net.sf.cglib.core.CodeGenerationException: java.lang.reflect.InaccessibleObjectException-->Unable to make protected final java.lang.Class java.lang.ClassLoader.defineClass(java.lang.String,byte[],int,int,java.security.ProtectionDomain) throws java.lang.ClassFormatError accessible: module java.base does not "opens java.lang" to unnamed module @66498326 [in thread "setUp@2"]
</failure>
  </testcase>
  <testcase name="PB_01_launchapp" classname="com.PocketBank.PB_01" time="0">
    <skipped/>
  </testcase>
  <testcase name="PB_01_launchapp" classname="com.PocketBank.PB_01" time="0">
    <skipped message="Could not initialize class net.sf.cglib.proxy.Enhancer"/>
  </testcase>
  <testcase name="PB_01_launchapp" classname="com.PocketBank.PB_01" time="0">
    <skipped message="Could not initialize class net.sf.cglib.proxy.Enhancer"/>
  </testcase>
</testsuite>