<?xml version="1.0" encoding="UTF-8"?>
<!-- Generated by org.testng.reporters.JUnitReportReporter -->
<testsuite hostname="COLLABPH1002987" failures="0" tests="3" name="com.android.BSInteg" time="13.231" errors="0" timestamp="2023-11-14T15:46:10 CST" skipped="0">
  <testcase classname="com.android.BSInteg" name="clickOnPreference" time="3.675"/>
  <system-out/>
  <testcase classname="com.android.BSInteg" name="clickOnPreference" time="4.671"/>
  <system-out/>
  <testcase classname="com.android.BSInteg" name="clickOnPreference" time="4.885"/>
  <system-out/>
</testsuite> <!-- com.android.BSInteg -->
