<?xml version="1.0" encoding="UTF-8"?>
<!-- Generated by org.testng.reporters.JUnitReportReporter -->
<testsuite hostname="COLLABPH1002987" failures="0" tests="3" name="com.apidemos.LaunchApplication" time="282.915" errors="0" timestamp="2023-11-10T08:59:30 CST" skipped="0">
  <testcase classname="com.apidemos.LaunchApplication" name="launchApp" time="89.527"/>
  <system-out/>
  <testcase classname="com.apidemos.LaunchApplication" name="launchApp" time="103.094"/>
  <system-out/>
  <testcase classname="com.apidemos.LaunchApplication" name="launchApp" time="90.294"/>
  <system-out/>
</testsuite> <!-- com.apidemos.LaunchApplication -->
